ModuleGank/build/outputs/logs/manifest-merger-release-report.txt
-- Merging decision tree log ---
manifest
ADDED from main\release\AndroidManifest.xml:2:1-17:12
INJECTED from main\release\AndroidManifest.xml:2:1-17:12
INJECTED from main\release\AndroidManifest.xml:2:1-17:12
INJECTED from main\release\AndroidManifest.xml:2:1-17:12
INJECTED from main\release\AndroidManifest.xml:2:1-17:12
INJECTED from main\release\AndroidManifest.xml:2:1-17:12
INJECTED from main\release\AndroidManifest.xml:2:1-17:12
	package
		ADDED from main\release\AndroidManifest.xml:3:11-50
		INJECTED from main\release\AndroidManifest.xml
		INJECTED from main\release\AndroidManifest.xml
	android:versionName
		INJECTED from main\release\AndroidManifest.xml
		ADDED from main\release\AndroidManifest.xml:2:1-17:12
		INJECTED from main\release\AndroidManifest.xml
	android:versionCode
		INJECTED from main\release\AndroidManifest.xml
		ADDED from main\release\AndroidManifest.xml:2:1-17:12
		INJECTED from main\release\AndroidManifest.xml
	xmlns:android
		ADDED from main\release\AndroidManifest.xml:2:11-69
application
ADDED from main\release\AndroidManifest.xml:5:5-15:19
activity#me.jessyan.armscomponent.gank.mvp.ui.activity.GankHomeActivity
ADDED from main\release\AndroidManifest.xml:6:9-10:51
	android:screenOrientation
		ADDED from main\release\AndroidManifest.xml:10:13-49
	android:label
		ADDED from main\release\AndroidManifest.xml:8:13-53
	android:configChanges
		ADDED from main\release\AndroidManifest.xml:9:13-59
	android:name
		ADDED from main\release\AndroidManifest.xml:7:13-61
meta-data#me.jessyan.armscomponent.gank.app.GlobalConfiguration
ADDED from main\release\AndroidManifest.xml:12:9-14:43
	android:value
		ADDED from main\release\AndroidManifest.xml:14:13-41
	android:name
		ADDED from main\release\AndroidManifest.xml:13:13-81
uses-sdk
INJECTED from main\release\AndroidManifest.xml reason: use-sdk injection requested
INJECTED from main\release\AndroidManifest.xml
INJECTED from main\release\AndroidManifest.xml
INJECTED from main\release\AndroidManifest.xml
INJECTED from main\release\AndroidManifest.xml
	android:targetSdkVersion
		INJECTED from main\release\AndroidManifest.xml
		ADDED from main\release\AndroidManifest.xml
		INJECTED from main\release\AndroidManifest.xml
	android:minSdkVersion
		INJECTED from main\release\AndroidManifest.xml
		ADDED from main\release\AndroidManifest.xml
		INJECTED from main\release\AndroidManifest.xml